\BOOKMARK [1][-]{section.1}{Introduction}{}
\BOOKMARK [1][-]{section.2}{Degrees Offered}{}
\BOOKMARK [2][-]{subsection.2.1}{ABET accreditation}{section.2}
\BOOKMARK [1][-]{section.3}{Recommended Course of Study}{}
\BOOKMARK [1][-]{section.4}{Degree Requirement Checklist}{}
\BOOKMARK [1][-]{section.5}{Course Requirement Flowchart}{}
\BOOKMARK [1][-]{section.6}{Elective Information}{}
\BOOKMARK [1][-]{section.7}{Technical Elective Policies}{}
\BOOKMARK [2][-]{subsection.7.1}{General information}{section.7}
\BOOKMARK [2][-]{subsection.7.2}{Class specific details}{section.7}
\BOOKMARK [2][-]{subsection.7.3}{Overlap with other courses}{section.7}
\BOOKMARK [1][-]{section.8}{General Elective Policies}{}
\BOOKMARK [2][-]{subsection.8.1}{General information}{section.8}
\BOOKMARK [2][-]{subsection.8.2}{Approved general elective courses}{section.8}
\BOOKMARK [1][-]{section.9}{Minor in Computer Science}{}
\BOOKMARK [2][-]{subsection.9.1}{SEAS students}{section.9}
\BOOKMARK [2][-]{subsection.9.2}{Non-SEAS students}{section.9}
\BOOKMARK [2][-]{subsection.9.3}{Declaring the minor}{section.9}
\BOOKMARK [1][-]{section.10}{Frequently Asked Questions}{}
\BOOKMARK [2][-]{subsection.10.1}{What kind of advanced placement credit is available?}{section.10}
\BOOKMARK [2][-]{subsection.10.2}{Can I place out of CS 101?}{section.10}
\BOOKMARK [2][-]{subsection.10.3}{Can CS courses from another college receive credit?}{section.10}
\BOOKMARK [2][-]{subsection.10.4}{What are the Rodman Scholar requirements?}{section.10}
\BOOKMARK [2][-]{subsection.10.5}{Is the number of computer majors capped?}{section.10}
\BOOKMARK [2][-]{subsection.10.6}{Where can I get information on VISTAA?}{section.10}
\BOOKMARK [2][-]{subsection.10.7}{Can CS students study abroad?}{section.10}
\BOOKMARK [2][-]{subsection.10.8}{How do I transfer into the CS program?}{section.10}
\BOOKMARK [1][-]{section.11}{Course Descriptions}{}
\BOOKMARK [1][-]{section.12}{Degree Requirement Revisions}{}
\BOOKMARK [2][-]{subsection.12.1}{Requirement revision from fall 2005}{section.12}
\BOOKMARK [2][-]{subsection.12.2}{Requirement revision from fall 2004}{section.12}
\BOOKMARK [2][-]{subsection.12.3}{Requirement revision from fall 2003}{section.12}
