This is pdfTeXk, Version 3.141592-1.40.3 (Web2C 7.5.6) (format=pdflatex 2007.11.9)  29 DEC 2007 16:32
entering extended mode
 %&-line parsing enabled.
**ugradhandbook
(./ugradhandbook.tex
LaTeX2e <2005/12/01>
Babel <v3.8h> and hyphenation patterns for english, usenglishmax, dumylang, noh
yphenation, croatian, ukrainian, russian, bulgarian, czech, slovak, danish, dut
ch, finnish, basque, french, german, ngerman, ibycus, greek, monogreek, ancient
greek, hungarian, italian, latin, mongolian, norsk, icelandic, interlingua, tur
kish, coptic, romanian, welsh, serbian, slovenian, estonian, esperanto, upperso
rbian, indonesian, polish, portuguese, spanish, catalan, galician, swedish, loa
ded.
(/usr/share/texmf-texlive/tex/latex/base/article.cls
Document Class: article 2005/09/16 v1.4f Standard LaTeX document class
(/usr/share/texmf-texlive/tex/latex/base/size12.clo
File: size12.clo 2005/09/16 v1.4f Standard LaTeX file (size option)
)
\c@part=\count79
\c@section=\count80
\c@subsection=\count81
\c@subsubsection=\count82
\c@paragraph=\count83
\c@subparagraph=\count84
\c@figure=\count85
\c@table=\count86
\abovecaptionskip=\skip41
\belowcaptionskip=\skip42
\bibindent=\dimen102
)
(/usr/share/texmf-texlive/tex/latex/graphics/epsfig.sty
Package: epsfig 1999/02/16 v1.7a (e)psfig emulation (SPQR)

(/usr/share/texmf-texlive/tex/latex/graphics/graphicx.sty
Package: graphicx 1999/02/16 v1.0f Enhanced LaTeX Graphics (DPC,SPQR)

(/usr/share/texmf-texlive/tex/latex/graphics/keyval.sty
Package: keyval 1999/03/16 v1.13 key=value parser (DPC)
\KV@toks@=\toks14
)
(/usr/share/texmf-texlive/tex/latex/graphics/graphics.sty
Package: graphics 2006/02/20 v1.0o Standard LaTeX Graphics (DPC,SPQR)

(/usr/share/texmf-texlive/tex/latex/graphics/trig.sty
Package: trig 1999/03/16 v1.09 sin cos tan (DPC)
)
(/etc/texmf/tex/latex/config/graphics.cfg
File: graphics.cfg 2007/01/18 v1.5 graphics configuration of teTeX/TeXLive
)
Package graphics Info: Driver file: pdftex.def on input line 90.

(/usr/share/texmf-texlive/tex/latex/pdftex-def/pdftex.def
File: pdftex.def 2007/01/08 v0.04d Graphics/color for pdfTeX
\Gread@gobject=\count87
))
\Gin@req@height=\dimen103
\Gin@req@width=\dimen104
)
\epsfxsize=\dimen105
\epsfysize=\dimen106
)
(./fancyheadings.sty
\headrulewidth=\dimen107
\footrulewidth=\dimen108
\plainheadrulewidth=\dimen109
\plainfootrulewidth=\dimen110
\headwidth=\dimen111
) (/usr/share/texmf-texlive/tex/latex/setspace/setspace.sty
Package: setspace 2000/12/01 6.7 Contributed and Supported LaTeX2e package
Package: `setspace' 6.7 <2000/12/01>
) (/usr/share/texmf-texlive/tex/latex/hyperref/hyperref.sty
Package: hyperref 2007/02/07 v6.75r Hypertext links for LaTeX
\@linkdim=\dimen112
\Hy@linkcounter=\count88
\Hy@pagecounter=\count89

(/usr/share/texmf-texlive/tex/latex/hyperref/pd1enc.def
File: pd1enc.def 2007/02/07 v6.75r Hyperref: PDFDocEncoding definition (HO)
)
(/etc/texmf/tex/latex/config/hyperref.cfg
File: hyperref.cfg 2002/06/06 v1.2 hyperref configuration of TeXLive
)
(/usr/share/texmf-texlive/tex/latex/oberdiek/kvoptions.sty
Package: kvoptions 2006/08/22 v2.4 Connects package keyval with LaTeX options (
HO)
)
Package hyperref Info: Hyper figures OFF on input line 2288.
Package hyperref Info: Link nesting OFF on input line 2293.
Package hyperref Info: Hyper index ON on input line 2296.
Package hyperref Info: Plain pages OFF on input line 2303.
Package hyperref Info: Backreferencing OFF on input line 2308.

Implicit mode ON; LaTeX internals redefined
Package hyperref Info: Bookmarks ON on input line 2444.
(/usr/share/texmf-texlive/tex/latex/ltxmisc/url.sty
\Urlmuskip=\muskip10
Package: url 2005/06/27  ver 3.2  Verb mode for urls, etc.
)
LaTeX Info: Redefining \url on input line 2599.
\Fld@menulength=\count90
\Field@Width=\dimen113
\Fld@charsize=\dimen114
\Choice@toks=\toks15
\Field@toks=\toks16
Package hyperref Info: Hyper figures OFF on input line 3102.
Package hyperref Info: Link nesting OFF on input line 3107.
Package hyperref Info: Hyper index ON on input line 3110.
Package hyperref Info: backreferencing OFF on input line 3117.
Package hyperref Info: Link coloring OFF on input line 3122.
\Hy@abspage=\count91
\c@Item=\count92
\c@Hfootnote=\count93
)
*hyperref using driver hpdftex*
(/usr/share/texmf-texlive/tex/latex/hyperref/hpdftex.def
File: hpdftex.def 2007/02/07 v6.75r Hyperref driver for pdfTeX
\Fld@listcount=\count94
)
(/usr/share/texmf-texlive/tex/latex/base/ifthen.sty
Package: ifthen 2001/05/26 v1.1c Standard LaTeX ifthen package (DPC)
) (./ugradhandbook.aux)
\openout1 = `ugradhandbook.aux'.

LaTeX Font Info:    Checking defaults for OML/cmm/m/it on input line 34.
LaTeX Font Info:    ... okay on input line 34.
LaTeX Font Info:    Checking defaults for T1/cmr/m/n on input line 34.
LaTeX Font Info:    ... okay on input line 34.
LaTeX Font Info:    Checking defaults for OT1/cmr/m/n on input line 34.
LaTeX Font Info:    ... okay on input line 34.
LaTeX Font Info:    Checking defaults for OMS/cmsy/m/n on input line 34.
LaTeX Font Info:    ... okay on input line 34.
LaTeX Font Info:    Checking defaults for OMX/cmex/m/n on input line 34.
LaTeX Font Info:    ... okay on input line 34.
LaTeX Font Info:    Checking defaults for U/cmr/m/n on input line 34.
LaTeX Font Info:    ... okay on input line 34.
LaTeX Font Info:    Checking defaults for PD1/pdf/m/n on input line 34.
LaTeX Font Info:    ... okay on input line 34.
Package hyperref Info: Link coloring OFF on input line 34.

(/usr/share/texmf-texlive/tex/latex/hyperref/nameref.sty
Package: nameref 2006/12/27 v2.28 Cross-referencing by name of section

(/usr/share/texmf-texlive/tex/latex/oberdiek/refcount.sty
Package: refcount 2006/02/20 v3.0 Data extraction from references (HO)
)
\c@section@level=\count95
)
LaTeX Info: Redefining \ref on input line 34.
LaTeX Info: Redefining \pageref on input line 34.

(./ugradhandbook.out) (./ugradhandbook.out)
\@outlinefile=\write3
\openout3 = `ugradhandbook.out'.


<Eng-side-cmyk-uncoated-pc.png, id=135, 1950.28625pt x 752.8125pt>
File: Eng-side-cmyk-uncoated-pc.png Graphic file (type png)

<use Eng-side-cmyk-uncoated-pc.png> [1

{/var/lib/texmf/fonts/map/pdftex/updmap/pdftex.map} <./Eng-side-cmyk-uncoated-p
c.png (PNG copy)>] [2]
(./ugradhandbook.toc
LaTeX Font Info:    External font `cmex10' loaded for size
(Font)              <12> on input line 3.
LaTeX Font Info:    External font `cmex10' loaded for size
(Font)              <8> on input line 3.
LaTeX Font Info:    External font `cmex10' loaded for size
(Font)              <6> on input line 3.

Overfull \vbox (2.49998pt too high) has occurred while \output is active []


[1])
\tf@toc=\write4
\openout4 = `ugradhandbook.toc'.


Overfull \vbox (2.49998pt too high) has occurred while \output is active []


[2]
LaTeX Font Info:    Try loading font information for OMS+cmr on input line 174.

 (/usr/share/texmf-texlive/tex/latex/base/omscmr.fd
File: omscmr.fd 1999/05/25 v2.5h Standard LaTeX font definitions
)
LaTeX Font Info:    Font shape `OMS/cmr/m/n' in size <12> not available
(Font)              Font shape `OMS/cmsy/m/n' tried instead on input line 174.
pdfTeX warning (ext4): destination with the same identifier (name{page.1}) has 
been already used, duplicate ignored
<to be read again> 
                   \relax 
l.191 
      
Overfull \vbox (2.49998pt too high) has occurred while \output is active []


[1]pdfTeX warning (ext4): destination with the same identifier (name{page.2}) h
as been already used, duplicate ignored
<to be read again> 
                   \relax 
l.212 \ifthenelse{\boolean{printmode}}{}{\newpage}
                                                  
Overfull \vbox (2.49998pt too high) has occurred while \output is active []


[2]
Overfull \hbox (9.20313pt too wide) in paragraph at lines 343--344
[]
 []


Underfull \hbox (badness 10000) in paragraph at lines 343--344

 []


Overfull \hbox (22.29445pt too wide) in paragraph at lines 350--452
[] 
 []


Overfull \vbox (2.49998pt too high) has occurred while \output is active []


[3]
Overfull \vbox (2.49998pt too high) has occurred while \output is active []


[4] <Cs-course-flowchart-073.png, id=216, 530.2209pt x 632.6034pt>
File: Cs-course-flowchart-073.png Graphic file (type png)

<use Cs-course-flowchart-073.png>
Overfull \vbox (2.49998pt too high) has occurred while \output is active []


[5 <./Cs-course-flowchart-073.png (PNG copy)>]
Overfull \vbox (2.49998pt too high) has occurred while \output is active []


[6]
Overfull \vbox (2.49998pt too high) has occurred while \output is active []


[7]
Overfull \vbox (2.49998pt too high) has occurred while \output is active []


[8]
Overfull \vbox (2.49998pt too high) has occurred while \output is active []


[9]
Overfull \vbox (2.49998pt too high) has occurred while \output is active []


[10]
Overfull \vbox (2.49998pt too high) has occurred while \output is active []


[11]
Overfull \vbox (2.49998pt too high) has occurred while \output is active []


[12]
Overfull \vbox (2.49998pt too high) has occurred while \output is active []


[13]
Overfull \vbox (2.49998pt too high) has occurred while \output is active []


[14]
Overfull \vbox (2.49998pt too high) has occurred while \output is active []


[15]
Overfull \vbox (2.49998pt too high) has occurred while \output is active []


[16]
Overfull \vbox (2.49998pt too high) has occurred while \output is active []


[17]
Overfull \vbox (2.49998pt too high) has occurred while \output is active []


[18]
Overfull \vbox (2.49998pt too high) has occurred while \output is active []


[19]
Overfull \vbox (2.49998pt too high) has occurred while \output is active []


[20] (./ugradhandbook.aux) ) 
Here is how much of TeX's memory you used:
 2785 strings out of 94101
 38566 string characters out of 1165810
 108248 words of memory out of 1500000
 5989 multiletter control sequences out of 10000+50000
 9707 words of font info for 34 fonts, out of 1200000 for 2000
 637 hyphenation exceptions out of 8191
 32i,24n,36p,227b,392s stack positions out of 5000i,500n,6000p,200000b,5000s
</usr/share/texmf-texlive/fonts/type1/bluesky/cm/cm
bx12.pfb></usr/share/texmf-texlive/fonts/type1/bluesky/cm/cmr12.pfb></usr/share
/texmf-texlive/fonts/type1/bluesky/cm/cmr17.pfb></usr/share/texmf-texlive/fonts
/type1/bluesky/cm/cmr8.pfb></usr/share/texmf-texlive/fonts/type1/bluesky/cm/cms
l12.pfb></usr/share/texmf-texlive/fonts/type1/bluesky/cm/cmsy10.pfb></usr/share
/texmf-texlive/fonts/type1/bluesky/cm/cmti12.pfb></usr/share/texmf-texlive/font
s/type1/bluesky/cm/cmtt12.pfb>
Output written on ugradhandbook.pdf (24 pages, 531020 bytes).
PDF statistics:
 370 PDF objects out of 1000 (max. 8388607)
 72 named destinations out of 1000 (max. 131072)
 283 words of extra memory for PDF output out of 10000 (max. 10000000)

